[ 2017-03-15T11:06:34+08:00 ] 127.0.0.1 /index.php?s=/Admin/Public/login.html
INFO: [ app_begin ] --START--
INFO: Run Behavior\ReadHtmlCache [ RunTime:0.000350s ]
INFO: [ app_begin ] --END-- [ RunTime:0.000636s ]

[ 2017-03-15T11:06:43+08:00 ] 127.0.0.1 /index.php?s=/Admin/Public/login.html
INFO: [ app_begin ] --START--
INFO: Run Behavior\ReadHtmlCache [ RunTime:0.000346s ]
INFO: [ app_begin ] --END-- [ RunTime:0.000635s ]
SQL: SHOW COLUMNS FROM `onethink_ucenter_member` [ RunTime:0.030596s ]
SQL: SELECT * FROM `onethink_ucenter_member` WHERE ( `username` = 'admin' ) LIMIT 1   [ RunTime:0.001179s ]
SQL: UPDATE `onethink_ucenter_member` SET `last_login_time`=1489547203,`last_login_ip`='2130706433' WHERE ( `id` = 1 ) [ RunTime:0.001180s ]
SQL: SHOW COLUMNS FROM `onethink_member` [ RunTime:0.023881s ]
SQL: SELECT `uid`,`nickname`,`sex`,`birthday`,`qq`,`score`,`login`,`reg_ip`,`reg_time`,`last_login_ip`,`last_login_time`,`status` FROM `onethink_member` WHERE ( `uid` = 1 ) LIMIT 1   [ RunTime:0.000725s ]
SQL: SHOW COLUMNS FROM `onethink_action` [ RunTime:0.025193s ]
SQL: SELECT * FROM `onethink_action` WHERE ( `name` = 'user_login' ) LIMIT 1   [ RunTime:0.000605s ]
SQL: SHOW COLUMNS FROM `onethink_action_log` [ RunTime:0.024633s ]
SQL: INSERT INTO `onethink_action_log` (`action_id`,`user_id`,`action_ip`,`model`,`record_id`,`create_time`,`remark`) VALUES (1,1,2130706433,'member',1,1489547203,'admin在2017-03-15 11:06登录了后台') [ RunTime:0.001616s ]
SQL: SELECT * FROM `onethink_action` WHERE ( `name` = 'user_login' ) LIMIT 1   [ RunTime:0.000334s ]
NOTIC: [8] Undefined offset: 1 D:\phpStudy\WWW\2017-03-12-wuye\wwwroot\Application\Common\Common\function.php 第 665 行.
NOTIC: [2] array_key_exists() expects parameter 2 to be array, null given D:\phpStudy\WWW\2017-03-12-wuye\wwwroot\Application\Common\Common\function.php 第 665 行.
SQL: SELECT COUNT(*) AS tp_count FROM `onethink_action_log` WHERE ( `action_id` = 1 ) AND ( `user_id` = 1 ) AND ( `create_time` > 1489460803 ) LIMIT 1   [ RunTime:0.001187s ]
SQL: SHOW COLUMNS FROM `onethink_member` [ RunTime:0.004565s ]
SQL: UPDATE `onethink_member` SET `score`=score+10 WHERE ( uid=1 AND status>-1 ) [ RunTime:0.000503s ]
SQL: UPDATE `onethink_member` SET `login`=`login`+1,`last_login_time`=1489547203,`last_login_ip`='2130706433' WHERE ( `uid` = 1 ) [ RunTime:0.000309s ]

[ 2017-03-15T11:33:14+08:00 ] 127.0.0.1 /index.php?s=/Home/notice/noticeDetail/detail_id/1.html
ERR: Think\Model:feild方法不存在！

